TN:
SF:index.js
FNF:0
FNH:0
DA:1,1
DA:2,1
DA:3,1
DA:4,1
DA:5,1
LF:5
LH:5
BRF:0
BRH:0
end_of_record
TN:
SF:src/index.js
FN:4,genDiff
FNF:1
FNH:1
FNDA:1,genDiff
DA:1,1
DA:2,1
DA:3,1
DA:4,1
DA:5,1
DA:6,1
DA:7,1
DA:8,1
DA:9,1
DA:10,1
DA:11,1
DA:12,1
DA:13,1
DA:14,1
DA:15,5
DA:16,1
DA:17,5
DA:18,2
DA:19,2
DA:20,1
DA:21,1
DA:22,1
DA:23,1
DA:24,1
DA:25,5
DA:26,1
DA:27,1
DA:28,1
DA:29,1
DA:30,1
DA:31,1
LF:31
LH:31
BRDA:4,0,0,1
BRDA:14,1,0,5
BRDA:15,2,0,1
BRDA:17,3,0,4
BRDA:17,4,0,2
BRDA:19,5,0,1
BRF:6
BRH:6
end_of_record
TN:
SF:src/parse.js
FN:3,parse
FNF:1
FNH:1
FNDA:2,parse
DA:1,1
DA:2,1
DA:3,1
DA:4,2
DA:5,2
DA:6,2
DA:7,2
DA:8,2
DA:9,2
DA:10,2
DA:11,1
DA:12,1
LF:12
LH:12
BRDA:3,0,0,2
BRF:1
BRH:1
end_of_record
TN:
SF:src/utils.js
FN:7,getFullPath
FN:8,getFormat
FN:9,getData
FNF:3
FNH:3
FNDA:2,getFullPath
FNDA:2,getFormat
FNDA:2,getData
DA:1,1
DA:2,1
DA:3,1
DA:4,1
DA:5,1
DA:6,1
DA:7,1
DA:8,1
DA:9,1
DA:10,1
DA:11,1
DA:12,1
DA:13,1
DA:14,1
DA:15,1
LF:15
LH:15
BRDA:7,0,0,2
BRDA:8,1,0,2
BRDA:9,2,0,2
BRF:3
BRH:3
end_of_record
